This is pdfTeX, Version 3.141592653-2.6-1.40.26 (MiKTeX 24.4) (preloaded format=pdflatex 2024.8.21)  26 NOV 2024 10:37
entering extended mode
 restricted \write18 enabled.
 %&-line parsing enabled.
**./sn-article.tex
(sn-article.tex
LaTeX2e <2024-06-01> patch level 2
L3 programming layer <2024-07-20>
(sn-jnl.cls
Document Class: sn-jnl 2019/11/18 v0.1: An authoring template for Springer Jour
nal articles
(C:\Users\matth\AppData\Local\Programs\MiKTeX\tex/latex/base\article.cls
Document Class: article 2024/02/08 v1.4n Standard LaTeX document class
(C:\Users\matth\AppData\Local\Programs\MiKTeX\tex/latex/base\fleqn.clo
File: fleqn.clo 2016/12/29 v1.2b Standard LaTeX option (flush left equations)
\mathindent=\skip49
Applying: [2015/01/01] Make \[ robust on input line 50.
LaTeX Info: Redefining \[ on input line 51.
Already applied: [0000/00/00] Make \[ robust on input line 62.
Applying: [2015/01/01] Make \] robust on input line 74.
LaTeX Info: Redefining \] on input line 75.
Already applied: [0000/00/00] Make \] robust on input line 83.
)
(C:\Users\matth\AppData\Local\Programs\MiKTeX\tex/latex/base\size10.clo
File: size10.clo 2024/02/08 v1.4n Standard LaTeX file (size option)
)
\c@part=\count194
\c@section=\count195
\c@subsection=\count196
\c@subsubsection=\count197
\c@paragraph=\count198
\c@subparagraph=\count199
\c@figure=\count266
\c@table=\count267
\abovecaptionskip=\skip50
\belowcaptionskip=\skip51
\bibindent=\dimen141
)
LaTeX Info: Redefining \rm on input line 145.
LaTeX Info: Redefining \sf on input line 146.
LaTeX Info: Redefining \tt on input line 147.
LaTeX Info: Redefining \bf on input line 148.
LaTeX Info: Redefining \it on input line 149.
LaTeX Info: Redefining \sl on input line 150.
LaTeX Info: Redefining \sc on input line 151.
LaTeX Info: Redefining \cal on input line 152.
LaTeX Info: Redefining \mit on input line 153.
LaTeX Info: Redefining \textsubscript on input line 211.
\columnhsize=\skip52

(C:\Users\matth\AppData\Local\Programs\MiKTeX\tex/latex/geometry\geometry.sty
Package: geometry 2020/01/02 v5.9 Page Geometry

(C:\Users\matth\AppData\Local\Programs\MiKTeX\tex/latex/graphics\keyval.sty
Package: keyval 2022/05/29 v1.15 key=value parser (DPC)
\KV@toks@=\toks17
)
(C:\Users\matth\AppData\Local\Programs\MiKTeX\tex/generic/iftex\ifvtex.sty
Package: ifvtex 2019/10/25 v1.7 ifvtex legacy package. Use iftex instead.

(C:\Users\matth\AppData\Local\Programs\MiKTeX\tex/generic/iftex\iftex.sty
Package: iftex 2022/02/03 v1.0f TeX engine tests
))
\Gm@cnth=\count268
\Gm@cntv=\count269
\c@Gm@tempcnt=\count270
\Gm@bindingoffset=\dimen142
\Gm@wd@mp=\dimen143
\Gm@odd@mp=\dimen144
\Gm@even@mp=\dimen145
\Gm@layoutwidth=\dimen146
\Gm@layoutheight=\dimen147
\Gm@layouthoffset=\dimen148
\Gm@layoutvoffset=\dimen149
\Gm@dimlist=\toks18

(C:\Users\matth\AppData\Local\Programs\MiKTeX\tex/latex/geometry\geometry.cfg))
\artcatbox=\box52
\aucount=\count271
\corraucount=\count272
\punctcount=\count273
\emailcnt=\count274
\c@affn=\count275
\addcount=\count276
\PacsCount=\count277
\PacsTmpCnt=\count278
\FMremarkdim=\dimen150
\fmremarkbox=\box53
(C:\Users\matth\AppData\Local\Programs\MiKTeX\tex/latex/sttools\cuted.sty
Package: cuted 2021/10/04 v2.0 Mixing onecolumn and twocolumn modes
\At@ViperColsBreak=\toks19
\preCutedStrip=\toks20
\postCutedStrip=\toks21
\cuted@@tempbox@a=\box54
\cuted@@tempbox@c=\box55
\cuted@@tempbox@var=\box56
\hold@viper=\box57
\@viper=\box58
\cuted@@varbox@a=\box59
\cuted@@varbox@c=\box60
\cuted@@tempdim@spread=\dimen151
\cuted@@tempdim@a=\dimen152
\cuted@@tempdim@b=\dimen153
\ht@hold@viper=\dimen154
\ht@viper=\dimen155
\var@@pagediscards@ht=\dimen156
\stripsep=\skip53
\viper@penalty=\count279
)
\firstpagehtcheck=\dimen157
\labelwidthi=\dimen158
\labelwidthii=\dimen159
\labelwidthiii=\dimen160
\labelwidthiv=\dimen161
\figwidth=\dimen162
\figheight=\dimen163
\sidecapwidth=\dimen164
\wrapcapline=\dimen165
\totalwrapline=\dimen166
\wraptotline=\dimen167
\figurebox=\box61
\wrapfigcapbox=\box62
\figcapbox=\box63
\capbox=\box64
\headwidthskip=\skip54
\tabcapbox=\box65
\temptbox=\box66
\tempdime=\dimen168
\tabhtdime=\dimen169

(C:\Users\matth\AppData\Local\Programs\MiKTeX\tex/latex/graphics\rotating.sty
Package: rotating 2016/08/11 v2.16d rotated objects in LaTeX

(C:\Users\matth\AppData\Local\Programs\MiKTeX\tex/latex/graphics\graphicx.sty
Package: graphicx 2021/09/16 v1.2d Enhanced LaTeX Graphics (DPC,SPQR)

(C:\Users\matth\AppData\Local\Programs\MiKTeX\tex/latex/graphics\graphics.sty
Package: graphics 2024/05/23 v1.4g Standard LaTeX Graphics (DPC,SPQR)

(C:\Users\matth\AppData\Local\Programs\MiKTeX\tex/latex/graphics\trig.sty
Package: trig 2023/12/02 v1.11 sin cos tan (DPC)
)
(C:\Users\matth\AppData\Local\Programs\MiKTeX\tex/latex/graphics-cfg\graphics.c
fg
File: graphics.cfg 2016/06/04 v1.11 sample graphics configuration
)
Package graphics Info: Driver file: pdftex.def on input line 106.

(C:\Users\matth\AppData\Local\Programs\MiKTeX\tex/latex/graphics-def\pdftex.def
File: pdftex.def 2024/04/13 v1.2c Graphics/color driver for pdftex
))
\Gin@req@height=\dimen170
\Gin@req@width=\dimen171
) (C:\Users\matth\AppData\Local\Programs\MiKTeX\tex/latex/base\ifthen.sty
Package: ifthen 2024/03/16 v1.1e Standard LaTeX ifthen package (DPC)
)
\c@r@tfl@t=\count280
\rotFPtop=\skip55
\rotFPbot=\skip56
\rot@float@box=\box67
\rot@mess@toks=\toks22
)
(C:\Users\matth\AppData\Local\Programs\MiKTeX\tex/latex/threeparttable\threepar
ttable.sty
Package: threeparttable 2003/06/13  v 3.0
\@tempboxb=\box68
)
(C:\Users\matth\AppData\Local\Programs\MiKTeX\tex/latex/appendix\appendix.sty
Package: appendix 2020/02/08 v1.2c extra appendix facilities
\c@@pps=\count281
\c@@ppsavesec=\count282
\c@@ppsaveapp=\count283
)
(C:\Users\matth\AppData\Local\Programs\MiKTeX\tex/latex/hyperref\hyperref.sty
Package: hyperref 2024-07-10 v7.01j Hypertext links for LaTeX

(C:\Users\matth\AppData\Local\Programs\MiKTeX\tex/latex/kvsetkeys\kvsetkeys.sty
Package: kvsetkeys 2022-10-05 v1.19 Key value parser (HO)
)
(C:\Users\matth\AppData\Local\Programs\MiKTeX\tex/generic/kvdefinekeys\kvdefine
keys.sty
Package: kvdefinekeys 2019-12-19 v1.6 Define keys (HO)
)
(C:\Users\matth\AppData\Local\Programs\MiKTeX\tex/generic/pdfescape\pdfescape.s
ty
Package: pdfescape 2019/12/09 v1.15 Implements pdfTeX's escape features (HO)

(C:\Users\matth\AppData\Local\Programs\MiKTeX\tex/generic/ltxcmds\ltxcmds.sty
Package: ltxcmds 2023-12-04 v1.26 LaTeX kernel commands for general use (HO)
)
(C:\Users\matth\AppData\Local\Programs\MiKTeX\tex/generic/pdftexcmds\pdftexcmds
.sty
Package: pdftexcmds 2020-06-27 v0.33 Utility functions of pdfTeX for LuaTeX (HO
)

(C:\Users\matth\AppData\Local\Programs\MiKTeX\tex/generic/infwarerr\infwarerr.s
ty
Package: infwarerr 2019/12/03 v1.5 Providing info/warning/error messages (HO)
)
Package pdftexcmds Info: \pdf@primitive is available.
Package pdftexcmds Info: \pdf@ifprimitive is available.
Package pdftexcmds Info: \pdfdraftmode found.
))
(C:\Users\matth\AppData\Local\Programs\MiKTeX\tex/latex/hycolor\hycolor.sty
Package: hycolor 2020-01-27 v1.10 Color options for hyperref/bookmark (HO)
)
(C:\Users\matth\AppData\Local\Programs\MiKTeX\tex/latex/hyperref\nameref.sty
Package: nameref 2023-11-26 v2.56 Cross-referencing by name of section

(C:\Users\matth\AppData\Local\Programs\MiKTeX\tex/latex/refcount\refcount.sty
Package: refcount 2019/12/15 v3.6 Data extraction from label references (HO)
)
(C:\Users\matth\AppData\Local\Programs\MiKTeX\tex/generic/gettitlestring\gettit
lestring.sty
Package: gettitlestring 2019/12/15 v1.6 Cleanup title references (HO)

(C:\Users\matth\AppData\Local\Programs\MiKTeX\tex/latex/kvoptions\kvoptions.sty
Package: kvoptions 2022-06-15 v3.15 Key value format for package options (HO)
))
\c@section@level=\count284
)
(C:\Users\matth\AppData\Local\Programs\MiKTeX\tex/latex/etoolbox\etoolbox.sty
Package: etoolbox 2020/10/05 v2.5k e-TeX tools for LaTeX (JAW)
\etb@tempcnta=\count285
)
(C:\Users\matth\AppData\Local\Programs\MiKTeX\tex/generic/stringenc\stringenc.s
ty
Package: stringenc 2019/11/29 v1.12 Convert strings between diff. encodings (HO
)
)
\@linkdim=\dimen172
\Hy@linkcounter=\count286
\Hy@pagecounter=\count287
 (C:\Users\matth\AppData\Local\Programs\MiKTeX\tex/latex/hyperref\pd1enc.def
File: pd1enc.def 2024-07-10 v7.01j Hyperref: PDFDocEncoding definition (HO)
Now handling font encoding PD1 ...
... no UTF-8 mapping file for font encoding PD1
) (C:\Users\matth\AppData\Local\Programs\MiKTeX\tex/generic/intcalc\intcalc.sty
Package: intcalc 2019/12/15 v1.3 Expandable calculations with integers (HO)
)
\Hy@SavedSpaceFactor=\count288
 (C:\Users\matth\AppData\Local\Programs\MiKTeX\tex/latex/hyperref\puenc.def
File: puenc.def 2024-07-10 v7.01j Hyperref: PDF Unicode definition (HO)
Now handling font encoding PU ...
... no UTF-8 mapping file for font encoding PU
)
Package hyperref Info: Hyper figures OFF on input line 4157.
Package hyperref Info: Link nesting OFF on input line 4162.
Package hyperref Info: Hyper index ON on input line 4165.
Package hyperref Info: Plain pages OFF on input line 4172.
Package hyperref Info: Backreferencing OFF on input line 4177.
Package hyperref Info: Implicit mode ON; LaTeX internals redefined.
Package hyperref Info: Bookmarks ON on input line 4424.
\c@Hy@tempcnt=\count289

(C:\Users\matth\AppData\Local\Programs\MiKTeX\tex/latex/url\url.sty
\Urlmuskip=\muskip17
Package: url 2013/09/16  ver 3.4  Verb mode for urls, etc.
)
LaTeX Info: Redefining \url on input line 4763.
\XeTeXLinkMargin=\dimen173

(C:\Users\matth\AppData\Local\Programs\MiKTeX\tex/generic/bitset\bitset.sty
Package: bitset 2019/12/09 v1.3 Handle bit-vector datatype (HO)

(C:\Users\matth\AppData\Local\Programs\MiKTeX\tex/generic/bigintcalc\bigintcalc
.sty
Package: bigintcalc 2019/12/15 v1.5 Expandable calculations on big integers (HO
)
))
\Fld@menulength=\count290
\Field@Width=\dimen174
\Fld@charsize=\dimen175
Package hyperref Info: Hyper figures OFF on input line 6042.
Package hyperref Info: Link nesting OFF on input line 6047.
Package hyperref Info: Hyper index ON on input line 6050.
Package hyperref Info: backreferencing OFF on input line 6057.
Package hyperref Info: Link coloring OFF on input line 6062.
Package hyperref Info: Link coloring with OCG OFF on input line 6067.
Package hyperref Info: PDF/A mode OFF on input line 6072.

(C:\Users\matth\AppData\Local\Programs\MiKTeX\tex/latex/base\atbegshi-ltx.sty
Package: atbegshi-ltx 2021/01/10 v1.0c Emulation of the original atbegshi
package with kernel methods
)
\Hy@abspage=\count291
\c@Item=\count292
\c@Hfootnote=\count293
)
Package hyperref Info: Driver (autodetected): hpdftex.
(C:\Users\matth\AppData\Local\Programs\MiKTeX\tex/latex/hyperref\hpdftex.def
File: hpdftex.def 2024-07-10 v7.01j Hyperref driver for pdfTeX

(C:\Users\matth\AppData\Local\Programs\MiKTeX\tex/latex/base\atveryend-ltx.sty
Package: atveryend-ltx 2020/08/19 v1.0a Emulation of the original atveryend pac
kage
with kernel methods
)
\Fld@listcount=\count294
\c@bookmark@seq@number=\count295

(C:\Users\matth\AppData\Local\Programs\MiKTeX\tex/latex/rerunfilecheck\rerunfil
echeck.sty
Package: rerunfilecheck 2022-07-10 v1.10 Rerun checks for auxiliary files (HO)

(C:\Users\matth\AppData\Local\Programs\MiKTeX\tex/generic/uniquecounter\uniquec
ounter.sty
Package: uniquecounter 2019/12/15 v1.4 Provide unlimited unique counter (HO)
)
Package uniquecounter Info: New unique counter `rerunfilecheck' on input line 2
85.
)
\Hy@SectionHShift=\skip57
)
(C:\Users\matth\AppData\Local\Programs\MiKTeX\tex/latex/breakurl\breakurl.sty
Package: breakurl 2013/04/10 v1.40 Breakable hyperref URLs

(C:\Users\matth\AppData\Local\Programs\MiKTeX\tex/latex/xkeyval\xkeyval.sty
Package: xkeyval 2022/06/16 v2.9 package option processing (HA)

(C:\Users\matth\AppData\Local\Programs\MiKTeX\tex/generic/xkeyval\xkeyval.tex
(C:\Users\matth\AppData\Local\Programs\MiKTeX\tex/generic/xkeyval\xkvutils.tex
\XKV@toks=\toks23
\XKV@tempa@toks=\toks24
)
\XKV@depth=\count296
File: xkeyval.tex 2014/12/03 v2.7a key=value parser (HA)
)) (C:\Users\matth\AppData\Local\Programs\MiKTeX\tex/generic/iftex\ifpdf.sty
Package: ifpdf 2019/10/25 v3.4 ifpdf legacy package. Use iftex instead.
)

Package breakurl Warning: You are using breakurl while processing via pdflatex.

(breakurl)                \burl will be just a synonym of \url.
(breakurl)                 on input line 48.

)
Package hyperref Info: Option `colorlinks' set `true' on input line 1468.
Package hyperref Info: Option `breaklinks' set `true' on input line 1468.
Package hyperref Info: Option `plainpages' set `false' on input line 1468.
Package hyperref Info: Option `bookmarksopen' set `true' on input line 1468.
Package hyperref Info: Option `bookmarksnumbered' set `false' on input line 146
8.
 (C:\Users\matth\AppData\Local\Programs\MiKTeX\tex/latex/wrapfig\wrapfig.sty
\wrapoverhang=\dimen176
\WF@size=\dimen177
\c@WF@wrappedlines=\count297
\WF@box=\box69
\WF@everypar=\toks25
Package: wrapfig 2003/01/31  v 3.6
)
\wraplines=\count298
\@authorfigbox=\box70
\@authorfigboxdim=\skip58
\biofigadjskip=\skip59

(C:\Users\matth\AppData\Local\Programs\MiKTeX\tex/latex/natbib\natbib.sty
Package: natbib 2010/09/13 8.31b (PWD, AO)
\bibhang=\skip60
\bibsep=\skip61
LaTeX Info: Redefining \cite on input line 694.
\c@NAT@ctr=\count299
))
(C:\Users\matth\AppData\Local\Programs\MiKTeX\tex/latex/multirow\multirow.sty
Package: multirow 2021/03/15 v2.8 Span multiple rows of a table
\multirow@colwidth=\skip62
\multirow@cntb=\count300
\multirow@dima=\skip63
\bigstrutjot=\dimen178
)
(C:\Users\matth\AppData\Local\Programs\MiKTeX\tex/latex/amsmath\amsmath.sty
Package: amsmath 2024/05/23 v2.17q AMS math features
\@mathmargin=\skip64

For additional information on amsmath, use the `?' option.
(C:\Users\matth\AppData\Local\Programs\MiKTeX\tex/latex/amsmath\amstext.sty
Package: amstext 2021/08/26 v2.01 AMS text

(C:\Users\matth\AppData\Local\Programs\MiKTeX\tex/latex/amsmath\amsgen.sty
File: amsgen.sty 1999/11/30 v2.0 generic functions
\@emptytoks=\toks26
\ex@=\dimen179
))
(C:\Users\matth\AppData\Local\Programs\MiKTeX\tex/latex/amsmath\amsbsy.sty
Package: amsbsy 1999/11/29 v1.2d Bold Symbols
\pmbraise@=\dimen180
)
(C:\Users\matth\AppData\Local\Programs\MiKTeX\tex/latex/amsmath\amsopn.sty
Package: amsopn 2022/04/08 v2.04 operator names
)
\inf@bad=\count301
LaTeX Info: Redefining \frac on input line 233.
\uproot@=\count302
\leftroot@=\count303
LaTeX Info: Redefining \overline on input line 398.
LaTeX Info: Redefining \colon on input line 409.
\classnum@=\count304
\DOTSCASE@=\count305
LaTeX Info: Redefining \ldots on input line 495.
LaTeX Info: Redefining \dots on input line 498.
LaTeX Info: Redefining \cdots on input line 619.
\Mathstrutbox@=\box71
\strutbox@=\box72
LaTeX Info: Redefining \big on input line 721.
LaTeX Info: Redefining \Big on input line 722.
LaTeX Info: Redefining \bigg on input line 723.
LaTeX Info: Redefining \Bigg on input line 724.
\big@size=\dimen181
LaTeX Font Info:    Redeclaring font encoding OML on input line 742.
LaTeX Font Info:    Redeclaring font encoding OMS on input line 743.
\macc@depth=\count306
LaTeX Info: Redefining \bmod on input line 904.
LaTeX Info: Redefining \pmod on input line 909.
LaTeX Info: Redefining \smash on input line 939.
LaTeX Info: Redefining \relbar on input line 969.
LaTeX Info: Redefining \Relbar on input line 970.
\c@MaxMatrixCols=\count307
\dotsspace@=\muskip18
\c@parentequation=\count308
\dspbrk@lvl=\count309
\tag@help=\toks27
\row@=\count310
\column@=\count311
\maxfields@=\count312
\andhelp@=\toks28
\eqnshift@=\dimen182
\alignsep@=\dimen183
\tagshift@=\dimen184
\tagwidth@=\dimen185
\totwidth@=\dimen186
\lineht@=\dimen187
\@envbody=\toks29
\multlinegap=\skip65
\multlinetaggap=\skip66
\mathdisplay@stack=\toks30
LaTeX Info: Redefining \[ on input line 2953.
LaTeX Info: Redefining \] on input line 2954.
)
(C:\Users\matth\AppData\Local\Programs\MiKTeX\tex/latex/amsfonts\amssymb.sty
Package: amssymb 2013/01/14 v3.01 AMS font symbols

(C:\Users\matth\AppData\Local\Programs\MiKTeX\tex/latex/amsfonts\amsfonts.sty
Package: amsfonts 2013/01/14 v3.01 Basic AMSFonts support
\symAMSa=\mathgroup4
\symAMSb=\mathgroup5
LaTeX Font Info:    Redeclaring math symbol \hbar on input line 98.
LaTeX Font Info:    Overwriting math alphabet `\mathfrak' in version `bold'
(Font)                  U/euf/m/n --> U/euf/b/n on input line 106.
)) (C:\Users\matth\AppData\Local\Programs\MiKTeX\tex/latex/amscls\amsthm.sty
Package: amsthm 2020/05/29 v2.20.6
\thm@style=\toks31
\thm@bodyfont=\toks32
\thm@headfont=\toks33
\thm@notefont=\toks34
\thm@headpunct=\toks35
\thm@preskip=\skip67
\thm@postskip=\skip68
\thm@headsep=\skip69
\dth@everypar=\toks36
)
(C:\Users\matth\AppData\Local\Programs\MiKTeX\tex/latex/jknappen\mathrsfs.sty
Package: mathrsfs 1996/01/01 Math RSFS package v1.0 (jk)
\symrsfs=\mathgroup6
)
(C:\Users\matth\AppData\Local\Programs\MiKTeX\tex/latex/xcolor\xcolor.sty
Package: xcolor 2023/11/15 v3.01 LaTeX color extensions (UK)

(C:\Users\matth\AppData\Local\Programs\MiKTeX\tex/latex/graphics-cfg\color.cfg
File: color.cfg 2016/01/02 v1.6 sample color configuration
)
Package xcolor Info: Driver file: pdftex.def on input line 274.
(C:\Users\matth\AppData\Local\Programs\MiKTeX\tex/latex/graphics\mathcolor.ltx)
Package xcolor Info: Model `cmy' substituted by `cmy0' on input line 1350.
Package xcolor Info: Model `hsb' substituted by `rgb' on input line 1354.
Package xcolor Info: Model `RGB' extended on input line 1366.
Package xcolor Info: Model `HTML' substituted by `rgb' on input line 1368.
Package xcolor Info: Model `Hsb' substituted by `hsb' on input line 1369.
Package xcolor Info: Model `tHsb' substituted by `hsb' on input line 1370.
Package xcolor Info: Model `HSB' substituted by `hsb' on input line 1371.
Package xcolor Info: Model `Gray' substituted by `gray' on input line 1372.
Package xcolor Info: Model `wave' substituted by `hsb' on input line 1373.
) (C:\Users\matth\AppData\Local\Programs\MiKTeX\tex/latex/base\textcomp.sty
Package: textcomp 2024/04/24 v2.1b Standard LaTeX package
)
(C:\Users\matth\AppData\Local\Programs\MiKTeX\tex/latex/ncctools\manyfoot.sty
Package: manyfoot 2019/08/03 v1.11 Many Footnote Levels Package (NCC)

(C:\Users\matth\AppData\Local\Programs\MiKTeX\tex/latex/ncctools\nccfoots.sty
Package: nccfoots 2005/02/03 v1.2 NCC Footnotes Package (NCC)
)
\MFL@columnwidth=\dimen188
) (C:\Users\matth\AppData\Local\Programs\MiKTeX\tex/latex/booktabs\booktabs.sty
Package: booktabs 2020/01/12 v1.61803398 Publication quality tables
\heavyrulewidth=\dimen189
\lightrulewidth=\dimen190
\cmidrulewidth=\dimen191
\belowrulesep=\dimen192
\belowbottomsep=\dimen193
\aboverulesep=\dimen194
\abovetopsep=\dimen195
\cmidrulesep=\dimen196
\cmidrulekern=\dimen197
\defaultaddspace=\dimen198
\@cmidla=\count313
\@cmidlb=\count314
\@aboverulesep=\dimen199
\@belowrulesep=\dimen256
\@thisruleclass=\count315
\@lastruleclass=\count316
\@thisrulewidth=\dimen257
)
(C:\Users\matth\AppData\Local\Programs\MiKTeX\tex/latex/algorithms\algorithm.st
y
Package: algorithm 2009/08/24 v0.1 Document Style `algorithm' - floating enviro
nment
 (C:\Users\matth\AppData\Local\Programs\MiKTeX\tex/latex/float\float.sty
Package: float 2001/11/08 v1.3d Float enhancements (AL)
\c@float@type=\count317
\float@exts=\toks37
\float@box=\box73
\@float@everytoks=\toks38
\@floatcapt=\box74
)
\@float@every@algorithm=\toks39
\c@algorithm=\count318
)
(C:\Users\matth\AppData\Local\Programs\MiKTeX\tex/latex/algorithmicx\algorithmi
cx.sty
Package: algorithmicx 2005/04/27 v1.2 Algorithmicx

Document Style algorithmicx 1.2 - a greatly improved `algorithmic' style
\c@ALG@line=\count319
\c@ALG@rem=\count320
\c@ALG@nested=\count321
\ALG@tlm=\skip70
\ALG@thistlm=\skip71
\c@ALG@Lnr=\count322
\c@ALG@blocknr=\count323
\c@ALG@storecount=\count324
\c@ALG@tmpcounter=\count325
\ALG@tmplength=\skip72
)
(C:\Users\matth\AppData\Local\Programs\MiKTeX\tex/latex/algorithmicx\algpseudoc
ode.sty
Package: algpseudocode 

Document Style - pseudocode environments for use with the `algorithmicx' style
) (C:\Users\matth\AppData\Local\Programs\MiKTeX\tex/latex/listings\listings.sty
\lst@mode=\count326
\lst@gtempboxa=\box75
\lst@token=\toks40
\lst@length=\count327
\lst@currlwidth=\dimen258
\lst@column=\count328
\lst@pos=\count329
\lst@lostspace=\dimen259
\lst@width=\dimen260
\lst@newlines=\count330
\lst@lineno=\count331
\lst@maxwidth=\dimen261
(C:\Users\matth\AppData\Local\Programs\MiKTeX\tex/latex/listings\lstpatch.sty
File: lstpatch.sty 2024/05/25 1.10b (Carsten Heinz)
)
(C:\Users\matth\AppData\Local\Programs\MiKTeX\tex/latex/listings\lstmisc.sty
File: lstmisc.sty 2024/05/25 1.10b (Carsten Heinz)
\c@lstnumber=\count332
\lst@skipnumbers=\count333
\lst@framebox=\box76
)
(C:\Users\matth\AppData\Local\Programs\MiKTeX\tex/latex/listings\listings.cfg
File: listings.cfg 2024/05/25 1.10b listings configuration
))
Package: listings 2024/05/25 1.10b (Carsten Heinz)

Package amsthm Warning: Unknown theoremstyle `thmstyleone' on input line 74.

\c@theorem=\count334

Package amsthm Warning: Unknown theoremstyle `thmstyletwo' on input line 81.

\c@example=\count335
\c@remark=\count336

Package amsthm Warning: Unknown theoremstyle `thmstylethree' on input line 85.

\c@definition=\count337

(C:\Users\matth\AppData\Local\Programs\MiKTeX\tex/latex/l3backend\l3backend-pdf
tex.def
File: l3backend-pdftex.def 2024-05-08 L3 backend support: PDF output (pdfTeX)
\l__color_backend_stack_int=\count338
\l__pdf_internal_box=\box77
) (sn-article.aux

LaTeX Warning: Label `fig1' multiply defined.


LaTeX Warning: Label `fig4' multiply defined.

)
\openout1 = `sn-article.aux'.

LaTeX Font Info:    Checking defaults for OML/cmm/m/it on input line 91.
LaTeX Font Info:    ... okay on input line 91.
LaTeX Font Info:    Checking defaults for OMS/cmsy/m/n on input line 91.
LaTeX Font Info:    ... okay on input line 91.
LaTeX Font Info:    Checking defaults for OT1/cmr/m/n on input line 91.
LaTeX Font Info:    ... okay on input line 91.
LaTeX Font Info:    Checking defaults for T1/cmr/m/n on input line 91.
LaTeX Font Info:    ... okay on input line 91.
LaTeX Font Info:    Checking defaults for TS1/cmr/m/n on input line 91.
LaTeX Font Info:    ... okay on input line 91.
LaTeX Font Info:    Checking defaults for OMX/cmex/m/n on input line 91.
LaTeX Font Info:    ... okay on input line 91.
LaTeX Font Info:    Checking defaults for U/cmr/m/n on input line 91.
LaTeX Font Info:    ... okay on input line 91.
LaTeX Font Info:    Checking defaults for PD1/pdf/m/n on input line 91.
LaTeX Font Info:    ... okay on input line 91.
LaTeX Font Info:    Checking defaults for PU/pdf/m/n on input line 91.
LaTeX Font Info:    ... okay on input line 91.

*geometry* driver: auto-detecting
*geometry* detected driver: pdftex
*geometry* verbose mode - [ preamble ] result:
* driver: pdftex
* paper: custom
* layout: <same size as paper>
* layoutoffset:(h,v)=(0.0pt,0.0pt)
* bindingoffset: 17.07164pt
* modes: twoside 
* h-part:(L,W,R)=(83.37448pt, 372.0pt, 125.06175pt)
* v-part:(T,H,B)=(73.97716pt, 552.69478pt, 218.37491pt)
* \paperwidth=597.50787pt
* \paperheight=845.04684pt
* \textwidth=372.0pt
* \textheight=552.69478pt
* \oddsidemargin=28.17613pt
* \evensidemargin=52.79176pt
* \topmargin=-19.72638pt
* \headheight=5.5pt
* \headsep=15.93355pt
* \topskip=10.0pt
* \footskip=28.45274pt
* \marginparwidth=34.1433pt
* \marginparsep=14.22636pt
* \columnsep=14.22636pt
* \skip\footins=8.0pt plus 4.0pt
* \hoffset=0.0pt
* \voffset=0.0pt
* \mag=1000
* \@twocolumnfalse
* \@twosidetrue
* \@mparswitchtrue
* \@reversemargintrue
* (1in=72.27pt=25.4mm, 1cm=28.453pt)


(C:\Users\matth\AppData\Local\Programs\MiKTeX\tex/context/base/mkii\supp-pdf.mk
ii
[Loading MPS to PDF converter (version 2006.09.02).]
\scratchcounter=\count339
\scratchdimen=\dimen262
\scratchbox=\box78
\nofMPsegments=\count340
\nofMParguments=\count341
\everyMPshowfont=\toks41
\MPscratchCnt=\count342
\MPscratchDim=\dimen263
\MPnumerator=\count343
\makeMPintoPDFobject=\count344
\everyMPtoPDFconversion=\toks42
)
(C:\Users\matth\AppData\Local\Programs\MiKTeX\tex/latex/epstopdf-pkg\epstopdf-b
ase.sty
Package: epstopdf-base 2020-01-24 v2.11 Base part for package epstopdf
Package epstopdf-base Info: Redefining graphics rule for `.eps' on input line 4
85.

(C:\Users\matth\AppData\Local\Programs\MiKTeX\tex/latex/00miktex\epstopdf-sys.c
fg
File: epstopdf-sys.cfg 2021/03/18 v2.0 Configuration of epstopdf for MiKTeX
))
Package hyperref Info: Link coloring ON on input line 91.
 (sn-article.out) (sn-article.out)
\@outlinefile=\write3
\openout3 = `sn-article.out'.

\c@lstlisting=\count345
LaTeX Font Info:    Calculating math sizes for size <12.045> on input line 143.



LaTeX Font Warning: Font shape `OT1/cmr/bx/n' in size <8.43146> not available
(Font)              size <8> substituted on input line 143.


LaTeX Font Warning: Font shape `OML/cmm/b/it' in size <8.43146> not available
(Font)              size <8> substituted on input line 143.


LaTeX Font Warning: Font shape `OMS/cmsy/b/n' in size <8.43146> not available
(Font)              size <8> substituted on input line 143.

LaTeX Font Info:    Trying to load font information for U+msa on input line 143
.
(C:\Users\matth\AppData\Local\Programs\MiKTeX\tex/latex/amsfonts\umsa.fd
File: umsa.fd 2013/01/14 v3.01 AMS symbols A
)
LaTeX Font Info:    Trying to load font information for U+msb on input line 143
.

(C:\Users\matth\AppData\Local\Programs\MiKTeX\tex/latex/amsfonts\umsb.fd
File: umsb.fd 2013/01/14 v3.01 AMS symbols B
)
LaTeX Font Info:    Trying to load font information for U+rsfs on input line 14
3.

(C:\Users\matth\AppData\Local\Programs\MiKTeX\tex/latex/jknappen\ursfs.fd
File: ursfs.fd 1998/03/24 rsfs font definition file (jk)
)

LaTeX Font Warning: Font shape `U/rsfs/m/n' in size <8.43146> not available
(Font)              size <8> substituted on input line 143.


LaTeX Font Warning: Font shape `OT1/cmr/m/n' in size <8.43146> not available
(Font)              size <8> substituted on input line 143.

LaTeX Font Info:    Calculating math sizes for size <11.04124> on input line 14
3.

LaTeX Font Warning: Font shape `OT1/cmr/bx/n' in size <5.52061> not available
(Font)              size <6> substituted on input line 143.


LaTeX Font Warning: Font shape `OML/cmm/b/it' in size <5.52061> not available
(Font)              size <6> substituted on input line 143.


LaTeX Font Warning: Font shape `OMS/cmsy/b/n' in size <5.52061> not available
(Font)              size <6> substituted on input line 143.


LaTeX Font Warning: Font shape `U/rsfs/m/n' in size <5.52061> not available
(Font)              size <6> substituted on input line 143.

LaTeX Font Info:    Calculating math sizes for size <10.03749> on input line 14
3.

Underfull \hbox (badness 1057) in paragraph at lines 148--149
\OT1/cmr/m/n/10 it trailed the aver-age den-sity of other high-income coun-trie
s sharply for two
 []




Underfull \vbox (badness 10000) has occurred while \output is active []

 [1

{C:/Users/matth/AppData/Local/MiKTeX/fonts/map/pdftex/pdftex.map}]


Underfull \vbox (badness 10000) has occurred while \output is active []

 [2]
Overfull \hbox (264.1682pt too wide) in paragraph at lines 152--154
\OT1/cmr/m/n/10 [https://www.sciencedirect.com/science/article/pii/S00941190009
21879][https://www.tandfonline.com/doi/abs/10.1080/10835547.1991.12090653]
 []


Underfull \hbox (badness 7203) in paragraph at lines 152--154
\OT1/cmr/m/n/10 [[]] and finds that it impacts rent growth. Other research focu
ses on
 []


Underfull \hbox (badness 10000) in paragraph at lines 152--154
\OT1/cmr/m/n/10 absorp-tion rates [https://link.springer.com/article/10.1007/s1
1146-020-09815-z]
 []




Underfull \vbox (badness 10000) has occurred while \output is active []

 [3]
<C:/Users/mlarriva/Documents/GitHub/demand_density/Figs/density_growth_vs_rent_
growth.png, id=102, 722.7pt x 433.62pt>
File: C:/Users/mlarriva/Documents/GitHub/demand_density/Figs/density_growth_vs_
rent_growth.png Graphic file (type png)
<use C:/Users/mlarriva/Documents/GitHub/demand_density/Figs/density_growth_vs_r
ent_growth.png>
Package pdftex.def Info: C:/Users/mlarriva/Documents/GitHub/demand_density/Figs
/density_growth_vs_rent_growth.png  used on input line 161.
(pdftex.def)             Requested size: 334.79773pt x 200.87694pt.
<C:/Users/mlarriva/Documents/GitHub/demand_density/Figs/national_example.png, i
d=104, 722.7pt x 433.62pt>
File: C:/Users/mlarriva/Documents/GitHub/demand_density/Figs/national_example.p
ng Graphic file (type png)
<use C:/Users/mlarriva/Documents/GitHub/demand_density/Figs/national_example.pn
g>
Package pdftex.def Info: C:/Users/mlarriva/Documents/GitHub/demand_density/Figs
/national_example.png  used on input line 167.
(pdftex.def)             Requested size: 334.79773pt x 200.87694pt.



Underfull \vbox (badness 10000) has occurred while \output is active []

 [4
pdfTeX warning (ext4): destination with the same identifier (name{figure.1}) ha
s been already used, duplicate ignored
<argument> ...shipout:D \box_use:N \l_shipout_box 
                                                  \__shipout_drop_firstpage_...
l.172 
      
pdfTeX warning (ext4): destination with the same identifier (name{figure.2}) ha
s been already used, duplicate ignored
<argument> ...shipout:D \box_use:N \l_shipout_box 
                                                  \__shipout_drop_firstpage_...
l.172 
       <C:/Users/mlarriva/Documents/GitHub/demand_density/Figs/density_growth_v
s_rent_growth.png> <C:/Users/mlarriva/Documents/GitHub/demand_density/Figs/nati
onal_example.png>]


Underfull \vbox (badness 10000) has occurred while \output is active []

 [5]
<C:/Users/mlarriva/Documents/GitHub/demand_density/Figs/box_whisker_density_tim
e.png, id=118, 722.7pt x 433.62pt>
File: C:/Users/mlarriva/Documents/GitHub/demand_density/Figs/box_whisker_densit
y_time.png Graphic file (type png)
<use C:/Users/mlarriva/Documents/GitHub/demand_density/Figs/box_whisker_density
_time.png>
Package pdftex.def Info: C:/Users/mlarriva/Documents/GitHub/demand_density/Figs
/box_whisker_density_time.png  used on input line 194.
(pdftex.def)             Requested size: 334.79773pt x 200.87694pt.



Underfull \vbox (badness 10000) has occurred while \output is active []

 [6]
<C:/Users/mlarriva/Documents/GitHub/demand_density/Figs/bar_total_density_year.
png, id=123, 722.7pt x 433.62pt>
File: C:/Users/mlarriva/Documents/GitHub/demand_density/Figs/bar_total_density_
year.png Graphic file (type png)
<use C:/Users/mlarriva/Documents/GitHub/demand_density/Figs/bar_total_density_y
ear.png>
Package pdftex.def Info: C:/Users/mlarriva/Documents/GitHub/demand_density/Figs
/bar_total_density_year.png  used on input line 202.
(pdftex.def)             Requested size: 334.79773pt x 200.87694pt.
<C:/Users/mlarriva/Documents/GitHub/demand_density/Figs/hist_deltardi.png, id=1
24, 722.7pt x 433.62pt>
File: C:/Users/mlarriva/Documents/GitHub/demand_density/Figs/hist_deltardi.png 
Graphic file (type png)
<use C:/Users/mlarriva/Documents/GitHub/demand_density/Figs/hist_deltardi.png>
Package pdftex.def Info: C:/Users/mlarriva/Documents/GitHub/demand_density/Figs
/hist_deltardi.png  used on input line 207.
(pdftex.def)             Requested size: 334.79773pt x 200.87694pt.



Underfull \vbox (badness 10000) has occurred while \output is active []

 [7
pdfTeX warning (ext4): destination with the same identifier (name{figure.3}) ha
s been already used, duplicate ignored
<argument> ...shipout:D \box_use:N \l_shipout_box 
                                                  \__shipout_drop_firstpage_...
l.209 \end{figure}
                   <C:/Users/mlarriva/Documents/GitHub/demand_density/Figs/box_
whisker_density_time.png>]
File: C:/Users/mlarriva/Documents/GitHub/demand_density/Figs/national_example.p
ng Graphic file (type png)
<use C:/Users/mlarriva/Documents/GitHub/demand_density/Figs/national_example.pn
g>
Package pdftex.def Info: C:/Users/mlarriva/Documents/GitHub/demand_density/Figs
/national_example.png  used on input line 215.
(pdftex.def)             Requested size: 334.79773pt x 200.87694pt.



Underfull \vbox (badness 10000) has occurred while \output is active []

 [8
pdfTeX warning (ext4): destination with the same identifier (name{figure.4}) ha
s been already used, duplicate ignored
<argument> ...shipout:D \box_use:N \l_shipout_box 
                                                  \__shipout_drop_firstpage_...
l.218 \subsection
                 {Controls}
pdfTeX warning (ext4): destination with the same identifier (name{figure.5}) ha
s been already used, duplicate ignored
<argument> ...shipout:D \box_use:N \l_shipout_box 
                                                  \__shipout_drop_firstpage_...
l.218 \subsection
                 {Controls} <C:/Users/mlarriva/Documents/GitHub/demand_density/
Figs/bar_total_density_year.png> <C:/Users/mlarriva/Documents/GitHub/demand_den
sity/Figs/hist_deltardi.png>]
LaTeX Font Info:    Calculating math sizes for size <8.03> on input line 229.


LaTeX Font Warning: Font shape `OT1/cmr/m/n' in size <4.015> not available
(Font)              size <5> substituted on input line 229.


LaTeX Font Warning: Font shape `OML/cmm/m/it' in size <4.015> not available
(Font)              size <5> substituted on input line 229.


LaTeX Font Warning: Font shape `OMS/cmsy/m/n' in size <4.015> not available
(Font)              size <5> substituted on input line 229.


LaTeX Font Warning: Font shape `U/rsfs/m/n' in size <4.015> not available
(Font)              size <5> substituted on input line 229.


LaTeX Warning: `!h' float specifier changed to `!ht'.

Package hyperref Info: bookmark level for unknown algorithm defaults to 0 on in
put line 242.



Underfull \vbox (badness 10000) has occurred while \output is active []

 [9
pdfTeX warning (ext4): destination with the same identifier (name{figure.6}) ha
s been already used, duplicate ignored
<argument> ...shipout:D \box_use:N \l_shipout_box 
                                                  \__shipout_drop_firstpage_...
l.276 \section
              {Emperical Analysis}]


Underfull \vbox (badness 10000) has occurred while \output is active []

 [10
pdfTeX warning (ext4): destination with the same identifier (name{table.1}) has
 been already used, duplicate ignored
<argument> ...shipout:D \box_use:N \l_shipout_box 
                                                  \__shipout_drop_firstpage_...
l.293 \end{align}
                 ] (sn-article.bbl
Underfull \hbox (badness 10000) in paragraph at lines 49--54
[]\OT1/cmr/m/n/10 census.gov. [][]$https : / / www . census . gov / housing / h
vs / ^^Lles / currenthvspress . pdf$[][].
 []


Underfull \hbox (badness 10000) in paragraph at lines 58--64
[]\OT1/cmr/m/n/10 Consumers Feel-ing Bet-ter About Hous-ing Mar-ket Despite
 []


Underfull \hbox (badness 10000) in paragraph at lines 58--64
\OT1/cmr/m/n/10 High Home Prices | Fan-nie Mae --- fan-niemae.com.
 []


Underfull \hbox (badness 10000) in paragraph at lines 58--64
[][]$\OT1/cmr/m/n/10 https : / / www . fanniemae . com / newsroom / fannie-[]ma
e-[]news /
 []


Underfull \hbox (badness 10000) in paragraph at lines 58--64
\OT1/cmr/m/n/10 consumers-[]feeling-[]better-[]about-[]housing-[]market-[]despi
te-[]high-[]home-[]prices# :
 []


Underfull \hbox (badness 10000) in paragraph at lines 58--64
[] \OT1/cmr/m/n/10 : text = One % 20eect % 20of % 20the % 20prolonged ,[] buy 
% 20on % 20consumers '[]
 []




Underfull \vbox (badness 10000) has occurred while \output is active []

 [11]


Underfull \vbox (badness 10000) has occurred while \output is active []

 [12])


Underfull \vbox (badness 10000) has occurred while \output is active []

 [13]
(sn-article.aux)
 ***********
LaTeX2e <2024-06-01> patch level 2
L3 programming layer <2024-07-20>
 ***********


LaTeX Font Warning: Size substitutions with differences
(Font)              up to 0.985pt have occurred.


LaTeX Warning: There were multiply-defined labels.

Package rerunfilecheck Info: File `sn-article.out' has not changed.
(rerunfilecheck)             Checksum: EEC7598B7C885DB859C040CE7B7EDD26;1980.
 ) 
Here is how much of TeX's memory you used:
 14854 strings out of 473899
 231095 string characters out of 5726500
 1941960 words of memory out of 5000000
 37422 multiletter control sequences out of 15000+600000
 575376 words of font info for 107 fonts, out of 8000000 for 9000
 1151 hyphenation exceptions out of 8191
 90i,12n,93p,3583b,641s stack positions out of 10000i,1000n,20000p,200000b,200000s
 <C:\Users\matth\AppData\Local\MiKTeX\fonts/pk/ljfour/jknappen/ec/dpi600\tcrm
1000.pk><C:/Users/matth/AppData/Local/Programs/MiKTeX/fonts/type1/public/amsfon
ts/cmextra/cmbsy8.pfb><C:/Users/matth/AppData/Local/Programs/MiKTeX/fonts/type1
/public/amsfonts/cm/cmbx10.pfb><C:/Users/matth/AppData/Local/Programs/MiKTeX/fo
nts/type1/public/amsfonts/cm/cmbx12.pfb><C:/Users/matth/AppData/Local/Programs/
MiKTeX/fonts/type1/public/amsfonts/cm/cmbx8.pfb><C:/Users/matth/AppData/Local/P
rograms/MiKTeX/fonts/type1/public/amsfonts/cm/cmbx9.pfb><C:/Users/matth/AppData
/Local/Programs/MiKTeX/fonts/type1/public/amsfonts/cm/cmex10.pfb><C:/Users/matt
h/AppData/Local/Programs/MiKTeX/fonts/type1/public/amsfonts/cm/cmmi10.pfb><C:/U
sers/matth/AppData/Local/Programs/MiKTeX/fonts/type1/public/amsfonts/cm/cmmi7.p
fb><C:/Users/matth/AppData/Local/Programs/MiKTeX/fonts/type1/public/amsfonts/cm
/cmr10.pfb><C:/Users/matth/AppData/Local/Programs/MiKTeX/fonts/type1/public/ams
fonts/cm/cmr12.pfb><C:/Users/matth/AppData/Local/Programs/MiKTeX/fonts/type1/pu
blic/amsfonts/cm/cmr17.pfb><C:/Users/matth/AppData/Local/Programs/MiKTeX/fonts/
type1/public/amsfonts/cm/cmr7.pfb><C:/Users/matth/AppData/Local/Programs/MiKTeX
/fonts/type1/public/amsfonts/cm/cmr8.pfb><C:/Users/matth/AppData/Local/Programs
/MiKTeX/fonts/type1/public/amsfonts/cm/cmr9.pfb><C:/Users/matth/AppData/Local/P
rograms/MiKTeX/fonts/type1/public/amsfonts/cm/cmsy10.pfb><C:/Users/matth/AppDat
a/Local/Programs/MiKTeX/fonts/type1/public/amsfonts/cm/cmsy7.pfb><C:/Users/matt
h/AppData/Local/Programs/MiKTeX/fonts/type1/public/amsfonts/cm/cmti10.pfb><C:/U
sers/matth/AppData/Local/Programs/MiKTeX/fonts/type1/public/amsfonts/cm/cmtt10.
pfb>
Output written on sn-article.pdf (13 pages, 460803 bytes).
PDF statistics:
 281 PDF objects out of 1000 (max. 8388607)
 53 named destinations out of 1000 (max. 500000)
 122 words of extra memory for PDF output out of 10000 (max. 10000000)

